<?xml version="1.0" encoding="UTF-8" ?>
<testsuite tests="6" failures="0" name="stockmarket.StockMarketTest" time="0.031" errors="0" skipped="0">
  <properties>
[...]
</properties>
  <testcase classname="stockmarket.StockMarketTest" name="addTwoCompletelyMatchingOrdersTest" time="0.015"/>
  <testcase classname="stockmarket.StockMarketTest" name="addOrderTest" time="0"/>
  <testcase classname="stockmarket.StockMarketTest" name="addTwoOrdersNotMatchingByPriceTest" time="0"/>
  <testcase classname="stockmarket.StockMarketTest" name="addTwoMatchingOrdersWithDepositRevokedTest" time="0"/>
  <testcase classname="stockmarket.StockMarketTest" name="addOrderMatchingTwoAndClosingOneTest" time="0"/>
  <testcase classname="stockmarket.StockMarketTest" name="addOrderMatchingTwoAndClosingThemTest" time="0.016"/>
</testsuite>